[0723/132513:ERROR:process_info.cc(608)] range at 0xfffde000, size 0x230 fully unreadable
[0723/132513:ERROR:process_reader_win.cc(142)] SuspendThread: Zugriff verweigert (0x5)
[0723/132513:ERROR:exception_snapshot_win.cc(88)] thread ID 1720 not found in process
[0723/132513:WARNING:crash_report_exception_handler.cc(60)] ProcessSnapshotWin::InitializeException failed
[0723/132513:ERROR:scoped_process_suspend.cc(38)] NtResumeProcess, ntstatus=-1073741558
[0723/132636:ERROR:process_info.cc(608)] range at 0xfffde000, size 0x230 fully unreadable
[0723/132636:ERROR:process_info.cc(608)] range at 0xfffdd000, size 0xf84 fully unreadable
[0723/132636:ERROR:process_info.cc(608)] range at 0xfffda000, size 0xf84 fully unreadable
[0723/132636:ERROR:process_info.cc(608)] range at 0xfffd7000, size 0xf84 fully unreadable
[0723/132636:ERROR:process_info.cc(608)] range at 0xfffaf000, size 0xf84 fully unreadable
[0723/132636:ERROR:process_info.cc(608)] range at 0xfffac000, size 0xf84 fully unreadable
[0723/132636:ERROR:process_info.cc(608)] range at 0xfffa9000, size 0xf84 fully unreadable
[0723/132636:ERROR:process_info.cc(608)] range at 0xfffa6000, size 0xf84 fully unreadable
[0723/132636:ERROR:process_info.cc(608)] range at 0xfffa3000, size 0xf84 fully unreadable
[0723/132636:ERROR:process_info.cc(608)] range at 0xfffa0000, size 0xf84 fully unreadable
[0723/132636:ERROR:process_info.cc(608)] range at 0xfff9d000, size 0xf84 fully unreadable
[0723/132636:ERROR:process_info.cc(608)] range at 0xfff9a000, size 0xf84 fully unreadable
[0723/132636:ERROR:process_info.cc(608)] range at 0xfff97000, size 0xf84 fully unreadable
[0723/132924:ERROR:process_info.cc(608)] range at 0xfffde000, size 0x230 fully unreadable
[0723/132924:ERROR:process_info.cc(608)] range at 0xfffdd000, size 0xf84 fully unreadable
[0723/132924:ERROR:process_info.cc(608)] range at 0xfffda000, size 0xf84 fully unreadable
[0723/132924:ERROR:process_info.cc(608)] range at 0xfffd7000, size 0xf84 fully unreadable
[0723/132924:ERROR:process_info.cc(608)] range at 0xfffaf000, size 0xf84 fully unreadable
[0723/132924:ERROR:process_info.cc(608)] range at 0xfffac000, size 0xf84 fully unreadable
[0723/132924:ERROR:process_info.cc(608)] range at 0xfffa9000, size 0xf84 fully unreadable
[0723/132924:ERROR:process_info.cc(608)] range at 0xfffa6000, size 0xf84 fully unreadable
[0723/132924:ERROR:process_info.cc(608)] range at 0xfffa3000, size 0xf84 fully unreadable
[0723/132924:ERROR:process_info.cc(608)] range at 0xfffa0000, size 0xf84 fully unreadable
[0723/132924:ERROR:process_info.cc(608)] range at 0xfff9d000, size 0xf84 fully unreadable
[0723/132924:ERROR:process_info.cc(608)] range at 0xfff9a000, size 0xf84 fully unreadable
[0723/132924:ERROR:process_info.cc(608)] range at 0xfff97000, size 0xf84 fully unreadable
